# JRE version: OpenJDK Runtime Environment (17.0.6) (build 17.0.6+0-b2043.56-9586694)
# Java VM: OpenJDK 64-Bit Server VM (17.0.6+0-b2043.56-9586694, mixed mode, tiered, compressed oops, compressed class ptrs, g1 gc, windows-amd64)
GC Precious Log:
 CPUs: 4 total, 4 available
 Memory: 3530M
 Large Page Support: Disabled
 NUMA Support: Disabled
 Compressed Oops: Enabled (32-bit)
 Heap Region Size: 1M
 Heap Min Capacity: 8M
 Heap Initial Capacity: 56M
 Heap Max Capacity: 2G
 Pre-touch: Disabled
 Parallel Workers: 4
 Concurrent Workers: 1
 Concurrent Refinement Workers: 4
 Periodic GC: Disabled
Heap:
 garbage-first heap   total 512000K, used 387967K [0x0000000080000000, 0x0000000100000000)
  region size 1024K, 74 young (75776K), 2 survivors (2048K)
 Metaspace       used 136461K, committed 137280K, reserved 1171456K
  class space    used 17929K, committed 18304K, reserved 1048576K
GC Heap History (20 events):
Event: 2501.875 GC heap before
{Heap before GC invocations=66 (full 0):
 garbage-first heap   total 326656K, used 280161K [0x0000000080000000, 0x0000000100000000)
  region size 1024K, 15 young (15360K), 4 survivors (4096K)
 Metaspace       used 130950K, committed 132032K, reserved 1171456K
  class space    used 17453K, committed 17984K, reserved 1048576K
}
Event: 2501.894 GC heap after
{Heap after GC invocations=67 (full 0):
 garbage-first heap   total 326656K, used 272896K [0x0000000080000000, 0x0000000100000000)
  region size 1024K, 2 young (2048K), 2 survivors (2048K)
 Metaspace       used 130950K, committed 132032K, reserved 1171456K
  class space    used 17453K, committed 17984K, reserved 1048576K
}
Event: 2504.427 GC heap before
{Heap before GC invocations=67 (full 0):
 garbage-first heap   total 326656K, used 286208K [0x0000000080000000, 0x0000000100000000)
  region size 1024K, 15 young (15360K), 2 survivors (2048K)
 Metaspace       used 131131K, committed 132160K, reserved 1171456K
  class space    used 17453K, committed 17984K, reserved 1048576K
}
Event: 2504.438 GC heap after
{Heap after GC invocations=68 (full 0):
 garbage-first heap   total 326656K, used 274990K [0x0000000080000000, 0x0000000100000000)
  region size 1024K, 2 young (2048K), 2 survivors (2048K)
 Metaspace       used 131131K, committed 132160K, reserved 1171456K
  class space    used 17453K, committed 17984K, reserved 1048576K
}
Event: 2505.959 GC heap before
{Heap before GC invocations=68 (full 0):
 garbage-first heap   total 326656K, used 287278K [0x0000000080000000, 0x0000000100000000)
  region size 1024K, 15 young (15360K), 2 survivors (2048K)
 Metaspace       used 131210K, committed 132224K, reserved 1171456K
  class space    used 17453K, committed 17984K, reserved 1048576K
}
Event: 2505.980 GC heap after
{Heap after GC invocations=69 (full 0):
 garbage-first heap   total 326656K, used 278941K [0x0000000080000000, 0x0000000100000000)
  region size 1024K, 2 young (2048K), 2 survivors (2048K)
 Metaspace       used 131210K, committed 132224K, reserved 1171456K
  class space    used 17453K, committed 17984K, reserved 1048576K
}
Event: 2507.861 GC heap before
{Heap before GC invocations=69 (full 0):
 garbage-first heap   total 326656K, used 292253K [0x0000000080000000, 0x0000000100000000)
  region size 1024K, 15 young (15360K), 2 survivors (2048K)
 Metaspace       used 131266K, committed 132352K, reserved 1171456K
  class space    used 17453K, committed 17984K, reserved 1048576K
}
Event: 2507.878 GC heap after
{Heap after GC invocations=70 (full 0):
 garbage-first heap   total 326656K, used 283990K [0x0000000080000000, 0x0000000100000000)
  region size 1024K, 2 young (2048K), 2 survivors (2048K)
 Metaspace       used 131266K, committed 132352K, reserved 1171456K
  class space    used 17453K, committed 17984K, reserved 1048576K
}
Event: 2508.107 GC heap before
{Heap before GC invocations=70 (full 0):
 garbage-first heap   total 326656K, used 289110K [0x0000000080000000, 0x0000000100000000)
  region size 1024K, 5 young (5120K), 2 survivors (2048K)
 Metaspace       used 131266K, committed 132352K, reserved 1171456K
  class space    used 17453K, committed 17984K, reserved 1048576K
}
Event: 2508.150 GC heap after
{Heap after GC invocations=71 (full 0):
 garbage-first heap   total 326656K, used 286883K [0x0000000080000000, 0x0000000100000000)
  region size 1024K, 2 young (2048K), 2 survivors (2048K)
 Metaspace       used 131266K, committed 132352K, reserved 1171456K
  class space    used 17453K, committed 17984K, reserved 1048576K
}
Event: 2509.733 GC heap before
{Heap before GC invocations=71 (full 0):
 garbage-first heap   total 326656K, used 305315K [0x0000000080000000, 0x0000000100000000)
  region size 1024K, 15 young (15360K), 2 survivors (2048K)
 Metaspace       used 131282K, committed 132352K, reserved 1171456K
  class space    used 17453K, committed 17984K, reserved 1048576K
}
Event: 2509.758 GC heap after
{Heap after GC invocations=72 (full 0):
 garbage-first heap   total 326656K, used 296960K [0x0000000080000000, 0x0000000100000000)
  region size 1024K, 2 young (2048K), 2 survivors (2048K)
 Metaspace       used 131282K, committed 132352K, reserved 1171456K
  class space    used 17453K, committed 17984K, reserved 1048576K
}
Event: 2511.617 GC heap before
{Heap before GC invocations=72 (full 0):
 garbage-first heap   total 326656K, used 309248K [0x0000000080000000, 0x0000000100000000)
  region size 1024K, 15 young (15360K), 2 survivors (2048K)
 Metaspace       used 131302K, committed 132352K, reserved 1171456K
  class space    used 17453K, committed 17984K, reserved 1048576K
}
Event: 2511.638 GC heap after
{Heap after GC invocations=73 (full 0):
 garbage-first heap   total 326656K, used 302052K [0x0000000080000000, 0x0000000100000000)
  region size 1024K, 2 young (2048K), 2 survivors (2048K)
 Metaspace       used 131302K, committed 132352K, reserved 1171456K
  class space    used 17453K, committed 17984K, reserved 1048576K
}
Event: 2514.046 GC heap before
{Heap before GC invocations=73 (full 0):
 garbage-first heap   total 326656K, used 315364K [0x0000000080000000, 0x0000000100000000)
  region size 1024K, 15 young (15360K), 2 survivors (2048K)
 Metaspace       used 131702K, committed 132736K, reserved 1171456K
  class space    used 17494K, committed 17984K, reserved 1048576K
}
Event: 2514.059 GC heap after
{Heap after GC invocations=74 (full 0):
 garbage-first heap   total 326656K, used 303663K [0x0000000080000000, 0x0000000100000000)
  region size 1024K, 2 young (2048K), 2 survivors (2048K)
 Metaspace       used 131702K, committed 132736K, reserved 1171456K
  class space    used 17494K, committed 17984K, reserved 1048576K
}
Event: 2523.511 GC heap before
{Heap before GC invocations=75 (full 0):
 garbage-first heap   total 512000K, used 335407K [0x0000000080000000, 0x0000000100000000)
  region size 1024K, 25 young (25600K), 2 survivors (2048K)
 Metaspace       used 131212K, committed 132672K, reserved 1171456K
  class space    used 17371K, committed 17984K, reserved 1048576K
}
Event: 2523.539 GC heap after
{Heap after GC invocations=76 (full 0):
 garbage-first heap   total 512000K, used 307895K [0x0000000080000000, 0x0000000100000000)
  region size 1024K, 4 young (4096K), 4 survivors (4096K)
 Metaspace       used 131212K, committed 132672K, reserved 1171456K
  class space    used 17371K, committed 17984K, reserved 1048576K
}
Event: 2527.701 GC heap before
{Heap before GC invocations=76 (full 0):
 garbage-first heap   total 512000K, used 329399K [0x0000000080000000, 0x0000000100000000)
  region size 1024K, 25 young (25600K), 4 survivors (4096K)
 Metaspace       used 133388K, committed 134208K, reserved 1171456K
  class space    used 17651K, committed 18048K, reserved 1048576K
}
Event: 2527.790 GC heap after
{Heap after GC invocations=77 (full 0):
 garbage-first heap   total 512000K, used 287615K [0x0000000080000000, 0x0000000100000000)
  region size 1024K, 2 young (2048K), 2 survivors (2048K)
 Metaspace       used 133388K, committed 134208K, reserved 1171456K
  class space    used 17651K, committed 18048K, reserved 1048576K
}

